<?xml version="1.0" encoding="UTF-8"?>
<!-- Generated by org.testng.reporters.JUnitReportReporter -->
<testsuite hostname="ANURAG" failures="0" tests="2" name="seleniumAutomation.tests.ErrorValidationsTest" time="10.696" errors="0" timestamp="2025-07-05T19:30:59 IST" skipped="0">
  <testcase classname="seleniumAutomation.tests.ErrorValidationsTest" name="productPageErrorValidation" time="5.656"/>
  <testcase classname="seleniumAutomation.tests.ErrorValidationsTest" name="loginErrorValidation" time="5.040"/>
</testsuite> <!-- seleniumAutomation.tests.ErrorValidationsTest -->
