<?xml version="1.0" encoding="UTF-8"?>
<!-- Generated by org.testng.reporters.JUnitReportReporter -->
<testsuite hostname="ANURAG" failures="0" tests="4" name="seleniumAutomation.tests.SubmitOrderTest" time="28.004" errors="0" timestamp="2025-07-06T11:29:52 IST" skipped="0">
  <testcase classname="seleniumAutomation.tests.SubmitOrderTest" name="submitOrder" time="8.089"/>
  <testcase classname="seleniumAutomation.tests.SubmitOrderTest" name="submitOrder" time="7.449"/>
  <testcase classname="seleniumAutomation.tests.SubmitOrderTest" name="orderHistory" time="7.750"/>
  <testcase classname="seleniumAutomation.tests.SubmitOrderTest" name="orderHistory" time="4.716"/>
</testsuite> <!-- seleniumAutomation.tests.SubmitOrderTest -->
