<?xml version="1.0" encoding="UTF-8"?>
<!-- Generated by org.testng.reporters.JUnitReportReporter -->
<testsuite hostname="ANURAG" failures="0" tests="1" name="seleniumAutomation.tests.ErrorValidations" time="0.945" errors="0" timestamp="2025-05-29T12:38:11 IST" skipped="0">
  <testcase classname="seleniumAutomation.tests.ErrorValidations" name="submitOrder" time="0.945"/>
</testsuite> <!-- seleniumAutomation.tests.ErrorValidations -->
