<?xml version="1.0" encoding="UTF-8"?>
<!-- Generated by org.testng.reporters.JUnitReportReporter -->
<testsuite hostname="ANURAG" failures="0" tests="4" name="seleniumAutomation.tests.SubmitOrderTest" time="26.798" errors="0" timestamp="2025-07-06T13:00:55 IST" skipped="0">
  <testcase classname="seleniumAutomation.tests.SubmitOrderTest" name="submitOrder" time="8.095"/>
  <testcase classname="seleniumAutomation.tests.SubmitOrderTest" name="orderHistory" time="6.020"/>
  <testcase classname="seleniumAutomation.tests.SubmitOrderTest" name="orderHistory" time="4.572"/>
  <testcase classname="seleniumAutomation.tests.SubmitOrderTest" name="submitOrder" time="8.111"/>
</testsuite> <!-- seleniumAutomation.tests.SubmitOrderTest -->
