<?xml version="1.0" encoding="UTF-8"?>
<!-- Generated by org.testng.reporters.JUnitReportReporter -->
<testsuite hostname="ANURAG" failures="0" tests="4" name="seleniumAutomation.tests.SubmitOrderTest" time="26.617" errors="0" timestamp="2025-05-29T14:16:07 IST" skipped="0">
  <testcase classname="seleniumAutomation.tests.SubmitOrderTest" name="orderHistory" time="5.338"/>
  <testcase classname="seleniumAutomation.tests.SubmitOrderTest" name="submitOrder" time="7.742"/>
  <testcase classname="seleniumAutomation.tests.SubmitOrderTest" name="submitOrder" time="8.201"/>
  <testcase classname="seleniumAutomation.tests.SubmitOrderTest" name="orderHistory" time="5.336"/>
</testsuite> <!-- seleniumAutomation.tests.SubmitOrderTest -->
