<?xml version="1.0" encoding="UTF-8"?>
<!-- Generated by org.testng.reporters.JUnitReportReporter -->
<testsuite hostname="ANURAG" failures="0" tests="1" name="cucumber.TestNGTestRunner" time="3.434" errors="0" timestamp="2025-07-06T14:03:12 IST" skipped="0">
  <testcase classname="cucumber.TestNGTestRunner" name="runScenario" time="3.434"/>
</testsuite> <!-- cucumber.TestNGTestRunner -->
