<?xml version="1.0" encoding="UTF-8"?>
<!-- Generated by org.testng.reporters.JUnitReportReporter -->
<testsuite hostname="ANURAG" failures="0" tests="4" name="seleniumAutomation.tests.SubmitOrderTest" time="25.827" errors="0" timestamp="2025-07-05T19:30:59 IST" skipped="0">
  <testcase classname="seleniumAutomation.tests.SubmitOrderTest" name="orderHistory" time="5.177"/>
  <testcase classname="seleniumAutomation.tests.SubmitOrderTest" name="submitOrder" time="7.121"/>
  <testcase classname="seleniumAutomation.tests.SubmitOrderTest" name="orderHistory" time="4.570"/>
  <testcase classname="seleniumAutomation.tests.SubmitOrderTest" name="submitOrder" time="8.959"/>
</testsuite> <!-- seleniumAutomation.tests.SubmitOrderTest -->
