<?xml version="1.0" encoding="UTF-8"?>
<!-- Generated by org.testng.reporters.JUnitReportReporter -->
<testsuite hostname="ANURAG" failures="0" tests="2" name="seleniumAutomation.tests.ErrorValidationsTest" time="15.403" errors="0" timestamp="2025-07-06T11:29:52 IST" skipped="0">
  <testcase classname="seleniumAutomation.tests.ErrorValidationsTest" name="loginErrorValidation" time="6.440"/>
  <testcase classname="seleniumAutomation.tests.ErrorValidationsTest" name="productPageErrorValidation" time="8.963"/>
</testsuite> <!-- seleniumAutomation.tests.ErrorValidationsTest -->
