<?xml version="1.0" encoding="UTF-8"?>
<!-- Generated by org.testng.reporters.JUnitReportReporter -->
<testsuite hostname="ANURAG" failures="0" tests="1" name="seleniumAutomation.tests.ErrorValidationsTest" time="8.109" errors="0" timestamp="2025-05-29T13:51:15 IST" skipped="0">
  <testcase classname="seleniumAutomation.tests.ErrorValidationsTest" name="loginErrorValidation" time="8.109"/>
</testsuite> <!-- seleniumAutomation.tests.ErrorValidationsTest -->
