<?xml version="1.0" encoding="UTF-8"?>
<!-- Generated by org.testng.reporters.JUnitReportReporter -->
<testsuite hostname="ANURAG" failures="0" tests="3" name="dataDriven.excelDataProvider.dataProvider" time="0.008" errors="0" timestamp="2025-07-13T17:25:31 IST" skipped="0">
  <testcase classname="dataDriven.excelDataProvider.dataProvider" name="testCaseData" time="0.002"/>
  <testcase classname="dataDriven.excelDataProvider.dataProvider" name="testCaseData" time="0.005"/>
  <testcase classname="dataDriven.excelDataProvider.dataProvider" name="testCaseData" time="0.001"/>
</testsuite> <!-- dataDriven.excelDataProvider.dataProvider -->
