<?xml version="1.0" encoding="UTF-8"?>
<!-- Generated by org.testng.reporters.JUnitReportReporter -->
<testsuite hostname="ANURAG" failures="0" tests="3" name="introduction.Introduction_To_TestNG_3" time="0.008" errors="0" timestamp="2025-05-18T13:54:38 IST" skipped="0">
  <testcase classname="introduction.Introduction_To_TestNG_3" name="test2ClassNew" time="0.002"/>
  <testcase classname="introduction.Introduction_To_TestNG_3" name="firstTestClassNew" time="0.003"/>
  <testcase classname="introduction.Introduction_To_TestNG_3" name="test3ClassNew" time="0.003"/>
</testsuite> <!-- introduction.Introduction_To_TestNG_3 -->
