<?xml version="1.0" encoding="UTF-8"?>
<!-- Generated by org.testng.reporters.JUnitReportReporter -->
<testsuite hostname="ANURAG" failures="0" tests="2" name="introduction.Introduction_To_TestNG" time="0.006" errors="0" timestamp="2025-05-18T13:54:38 IST" skipped="0">
  <testcase classname="introduction.Introduction_To_TestNG" name="test2" time="0.001"/>
  <testcase classname="introduction.Introduction_To_TestNG" name="firstTest" time="0.005"/>
</testsuite> <!-- introduction.Introduction_To_TestNG -->
