<?xml version="1.0" encoding="UTF-8"?>
<!-- Generated by org.testng.reporters.JUnitReportReporter -->
<testsuite hostname="ANURAG" failures="0" tests="3" name="introduction.Introduction_To_TestNG_2" time="0.008" errors="0" timestamp="2025-05-18T13:54:38 IST" skipped="1">
  <testcase classname="introduction.Introduction_To_TestNG_2" name="firstTestClassNew" time="0.006"/>
  <testcase classname="introduction.Introduction_To_TestNG_2" name="test3ClassNew" time="0.002"/>
  <testcase classname="introduction.Introduction_To_TestNG_2" name="test2ClassNew">
    <skipped/>
  </testcase> <!-- test2ClassNew -->
</testsuite> <!-- introduction.Introduction_To_TestNG_2 -->
