<?xml version="1.0" encoding="UTF-8"?>
<!-- Generated by org.testng.reporters.JUnitReportReporter -->
<testsuite hostname="ANURAG" failures="0" tests="1" name="extentReportsPractice.ExtentReports.ExtentReportDemo" time="3.214" errors="0" timestamp="2025-07-03T22:49:08 IST" skipped="0">
  <testcase classname="extentReportsPractice.ExtentReports.ExtentReportDemo" name="initialDemo" time="3.214"/>
</testsuite> <!-- extentReportsPractice.ExtentReports.ExtentReportDemo -->
